<?xml version="1.0" encoding="UTF-8"?>
<!-- Generated by org.testng.reporters.JUnitXMLReporter -->
<testsuite ignored="0" hostname="exa-2023-12-14" failures="0" tests="5" name="Default test" time="37.114" errors="0" timestamp="2024-02-08T10:46:43 IST">
  <testcase classname="com.tvsaccelerator.testscripts.compareScreenshot" name="comparehomePage" time="9.813"/>
  <testcase classname="com.tvsaccelerator.testscripts.compareScreenshot" name="comparefilterPage" time="6.928"/>
  <testcase classname="com.tvsaccelerator.testscripts.compareScreenshot" name="compareMissedtaskPage" time="2.746"/>
  <testcase classname="com.tvsaccelerator.testscripts.compareScreenshot" name="compareLanguagePage" time="5.453"/>
  <testcase classname="com.tvsaccelerator.testscripts.compareScreenshot" name="comparecreateEnquiryPage" time="4.496"/>
</testsuite> <!-- Default test -->
