<?xml version="1.0" encoding="UTF-8"?>
<testng-results ignored="0" total="1" passed="1" failed="0" skipped="0">
  <reporter-output>
  </reporter-output>
  <suite started-at="2024-01-05T15:28:14 IST" name="Suite" finished-at="2024-01-05T15:28:34 IST" duration-ms="19609">
    <groups>
    </groups>
    <test started-at="2024-01-05T15:28:14 IST" name="Test" finished-at="2024-01-05T15:28:34 IST" duration-ms="19609">
      <class name="com.testcases.DashboardPage">
        <test-method signature="DashboardPage()[pri:0, instance:com.testcases.DashboardPage@614ca7df]" started-at="2024-01-05T15:28:15 IST" name="DashboardPage" finished-at="2024-01-05T15:28:34 IST" duration-ms="19545" status="PASS">
          <reporter-output>
          </reporter-output>
        </test-method> <!-- DashboardPage -->
      </class> <!-- com.testcases.DashboardPage -->
    </test> <!-- Test -->
  </suite> <!-- Suite -->
</testng-results>
