<?xml version="1.0" encoding="UTF-8"?>
<testng-results ignored="0" total="1" passed="1" failed="0" skipped="0">
  <reporter-output>
  </reporter-output>
  <suite started-at="2024-02-05T12:47:08 IST" name="Default suite" finished-at="2024-02-05T12:47:23 IST" duration-ms="14413">
    <groups>
    </groups>
    <test started-at="2024-02-05T12:47:08 IST" name="Default test" finished-at="2024-02-05T12:47:23 IST" duration-ms="14413">
      <class name="newVTdemocompareSS.testScripts.compareTest5">
        <test-method is-config="true" signature="open_browser()[pri:0, instance:newVTdemocompareSS.testScripts.compareTest5@6404f418]" started-at="2024-02-05T12:47:08 IST" name="open_browser" finished-at="2024-02-05T12:47:12 IST" duration-ms="3429" status="PASS">
          <reporter-output>
          </reporter-output>
        </test-method> <!-- open_browser -->
        <test-method is-config="true" signature="login()[pri:0, instance:newVTdemocompareSS.testScripts.compareTest5@6404f418]" started-at="2024-02-05T12:47:12 IST" name="login" finished-at="2024-02-05T12:47:14 IST" duration-ms="2146" status="PASS">
          <reporter-output>
          </reporter-output>
        </test-method> <!-- login -->
        <test-method signature="compFilterPage()[pri:5, instance:newVTdemocompareSS.testScripts.compareTest5@6404f418]" started-at="2024-02-05T12:47:14 IST" name="compFilterPage" finished-at="2024-02-05T12:47:21 IST" duration-ms="7353" status="PASS">
          <reporter-output>
          </reporter-output>
        </test-method> <!-- compFilterPage -->
        <test-method is-config="true" signature="logout()[pri:0, instance:newVTdemocompareSS.testScripts.compareTest5@6404f418]" started-at="2024-02-05T12:47:21 IST" name="logout" finished-at="2024-02-05T12:47:23 IST" duration-ms="1197" status="PASS">
          <reporter-output>
          </reporter-output>
        </test-method> <!-- logout -->
        <test-method is-config="true" signature="close_browser()[pri:0, instance:newVTdemocompareSS.testScripts.compareTest5@6404f418]" started-at="2024-02-05T12:47:23 IST" name="close_browser" finished-at="2024-02-05T12:47:23 IST" duration-ms="262" status="PASS">
          <reporter-output>
          </reporter-output>
        </test-method> <!-- close_browser -->
      </class> <!-- newVTdemocompareSS.testScripts.compareTest5 -->
    </test> <!-- Default test -->
  </suite> <!-- Default suite -->
</testng-results>
