<?xml version="1.0" encoding="UTF-8"?>
<testng-results ignored="0" total="5" passed="5" failed="0" skipped="0">
  <reporter-output>
  </reporter-output>
  <suite started-at="2024-02-08T10:46:05 IST" name="Default suite" finished-at="2024-02-08T10:46:42 IST" duration-ms="37114">
    <groups>
    </groups>
    <test started-at="2024-02-08T10:46:05 IST" name="Default test" finished-at="2024-02-08T10:46:42 IST" duration-ms="37114">
      <class name="com.tvsaccelerator.testscripts.compareScreenshot">
        <test-method is-config="true" signature="open_browser()[pri:0, instance:com.tvsaccelerator.testscripts.compareScreenshot@4803b726]" started-at="2024-02-08T10:46:05 IST" name="open_browser" finished-at="2024-02-08T10:46:10 IST" duration-ms="4560" status="PASS">
          <reporter-output>
          </reporter-output>
        </test-method> <!-- open_browser -->
        <test-method is-config="true" signature="login()[pri:0, instance:com.tvsaccelerator.testscripts.compareScreenshot@4803b726]" started-at="2024-02-08T10:46:10 IST" name="login" finished-at="2024-02-08T10:46:12 IST" duration-ms="1588" status="PASS">
          <reporter-output>
          </reporter-output>
        </test-method> <!-- login -->
        <test-method signature="comparehomePage()[pri:1, instance:com.tvsaccelerator.testscripts.compareScreenshot@4803b726]" started-at="2024-02-08T10:46:12 IST" name="comparehomePage" finished-at="2024-02-08T10:46:21 IST" duration-ms="9813" status="PASS">
          <reporter-output>
          </reporter-output>
        </test-method> <!-- comparehomePage -->
        <test-method signature="comparefilterPage()[pri:2, instance:com.tvsaccelerator.testscripts.compareScreenshot@4803b726]" started-at="2024-02-08T10:46:21 IST" name="comparefilterPage" finished-at="2024-02-08T10:46:28 IST" duration-ms="6928" status="PASS">
          <reporter-output>
          </reporter-output>
        </test-method> <!-- comparefilterPage -->
        <test-method signature="compareMissedtaskPage()[pri:3, instance:com.tvsaccelerator.testscripts.compareScreenshot@4803b726]" started-at="2024-02-08T10:46:28 IST" name="compareMissedtaskPage" finished-at="2024-02-08T10:46:31 IST" duration-ms="2746" status="PASS">
          <reporter-output>
          </reporter-output>
        </test-method> <!-- compareMissedtaskPage -->
        <test-method signature="compareLanguagePage()[pri:4, instance:com.tvsaccelerator.testscripts.compareScreenshot@4803b726]" started-at="2024-02-08T10:46:31 IST" name="compareLanguagePage" finished-at="2024-02-08T10:46:37 IST" duration-ms="5453" status="PASS">
          <reporter-output>
          </reporter-output>
        </test-method> <!-- compareLanguagePage -->
        <test-method signature="comparecreateEnquiryPage()[pri:5, instance:com.tvsaccelerator.testscripts.compareScreenshot@4803b726]" started-at="2024-02-08T10:46:37 IST" name="comparecreateEnquiryPage" finished-at="2024-02-08T10:46:41 IST" duration-ms="4496" status="PASS">
          <reporter-output>
          </reporter-output>
        </test-method> <!-- comparecreateEnquiryPage -->
        <test-method is-config="true" signature="logout()[pri:0, instance:com.tvsaccelerator.testscripts.compareScreenshot@4803b726]" started-at="2024-02-08T10:46:41 IST" name="logout" finished-at="2024-02-08T10:46:42 IST" duration-ms="1149" status="PASS">
          <reporter-output>
          </reporter-output>
        </test-method> <!-- logout -->
        <test-method is-config="true" signature="close_browser()[pri:0, instance:com.tvsaccelerator.testscripts.compareScreenshot@4803b726]" started-at="2024-02-08T10:46:42 IST" name="close_browser" finished-at="2024-02-08T10:46:42 IST" duration-ms="303" status="PASS">
          <reporter-output>
          </reporter-output>
        </test-method> <!-- close_browser -->
      </class> <!-- com.tvsaccelerator.testscripts.compareScreenshot -->
    </test> <!-- Default test -->
  </suite> <!-- Default suite -->
</testng-results>
